<?xml version="1.0" encoding="UTF-8"?>
<!-- Generated by org.testng.reporters.JUnitReportReporter -->
<testsuite skipped="0" hostname="Mervin-PC" name="cp_Rimac_Claim_Vida.CP_05_DatosCobertura" tests="1" failures="0" timestamp="03 abr 2017 19:46:27 GMT" time="39.454" errors="0">
  <testcase name="T06_DatosCobertura" time="39.454" classname="cp_Rimac_Claim_Vida.CP_05_DatosCobertura"/>
</testsuite> <!-- cp_Rimac_Claim_Vida.CP_05_DatosCobertura -->
