<?xml version="1.0" encoding="UTF-8"?>
<!-- Generated by org.testng.reporters.JUnitReportReporter -->
<testsuite hostname="Mervin-PC" name="cp_claim_vida_excel.CP_05_DatosCobertura2" tests="1" failures="0" timestamp="23 Mar 2017 16:50:30 GMT" time="39.829" errors="0">
  <testcase name="T06_DatosCobertura" time="39.829" classname="cp_claim_vida_excel.CP_05_DatosCobertura2"/>
</testsuite> <!-- cp_claim_vida_excel.CP_05_DatosCobertura2 -->
