<?xml version="1.0" encoding="UTF-8"?>
<!-- Generated by org.testng.reporters.JUnitReportReporter -->
<testsuite hostname="Mervin-PC" name="cp_claim_vida_excel.CP_09_DatosSiniestro" tests="1" failures="0" timestamp="30 Mar 2017 17:10:44 GMT" time="19.257" errors="0">
  <testcase name="T07_DatosSiniestro" time="19.257" classname="cp_claim_vida_excel.CP_09_DatosSiniestro"/>
</testsuite> <!-- cp_claim_vida_excel.CP_09_DatosSiniestro -->
