<?xml version="1.0" encoding="UTF-8"?>
<!-- Generated by org.testng.reporters.JUnitReportReporter -->
<testsuite skipped="0" hostname="Mervin-PC" name="cp_Rimac_Claim_Vida.CP_01_02_DatosContacto" tests="5" failures="0" timestamp="03 abr 2017 19:46:27 GMT" time="177.113" errors="0">
  <testcase name="T01_AgregarDatosContacto" time="41.070" classname="cp_Rimac_Claim_Vida.CP_01_02_DatosContacto"/>
  <testcase name="T04_EliminarDatosContacto" time="36.461" classname="cp_Rimac_Claim_Vida.CP_01_02_DatosContacto"/>
  <testcase name="T03_EditarDatosContacto" time="36.583" classname="cp_Rimac_Claim_Vida.CP_01_02_DatosContacto"/>
  <testcase name="T02_AgregarOtroDatoContacto" time="32.418" classname="cp_Rimac_Claim_Vida.CP_01_02_DatosContacto"/>
  <testcase name="T05_ZAvanzarAdmitirExpediente" time="30.581" classname="cp_Rimac_Claim_Vida.CP_01_02_DatosContacto"/>
</testsuite> <!-- cp_Rimac_Claim_Vida.CP_01_02_DatosContacto -->
