<?xml version="1.0" encoding="UTF-8"?>
<!-- Generated by org.testng.reporters.JUnitReportReporter -->
<testsuite skipped="0" hostname="Mervin-PC" name="cp_Rimac_Claim_Vida.CP_09_DatosSiniestro" tests="1" failures="0" timestamp="03 abr 2017 19:46:27 GMT" time="38.388" errors="0">
  <testcase name="T07_DatosSiniestro" time="38.388" classname="cp_Rimac_Claim_Vida.CP_09_DatosSiniestro"/>
</testsuite> <!-- cp_Rimac_Claim_Vida.CP_09_DatosSiniestro -->
